[11:08:42:162973 --4:00] [Thread 6488] BORN TO KILL commited suicide!
[11:13:34:020713 --4:00] [Thread 8332] BORN TO KILL commited suicide!
[11:26:57:766201 --4:00] [Thread 5900] Mr. Sage commited suicide!
[11:27:31:435068 --4:00] [Thread 8332] BORN TO KILL commited suicide!
[11:28:03:075503 --4:00] [Thread 7208] BORN TO KILL commited suicide!
[11:32:59:912110 --4:00] [Thread 6488] BORN TO KILL was killed by an NPC!
[11:33:52:116792 --4:00] [Thread 5900] BORN TO KILL was killed by an NPC!
[11:35:45:362238 --4:00] [Thread 6488] BORN TO KILL was killed by an NPC!
[11:41:04:527343 --4:00] [Thread 5900] Mr. Sage was killed by an NPC!
[11:41:18:317178 --4:00] [Thread 6488] Mr. Sage was killed by an NPC!
[11:41:42:034836 --4:00] [Thread 6424] BORN TO KILL was killed by an NPC!
[11:46:44:522378 --4:00] [Thread 5900] Mr. Sage died and nobody knows why.
[11:48:08:978368 --4:00] [Thread 7208] BORN TO KILL was killed by an NPC!
[11:51:25:532078 --4:00] [Thread 8332] BORN TO KILL commited suicide!
[11:54:24:545634 --4:00] [Thread 5900] Mr. Sage was killed by an NPC!
[11:55:13:507843 --4:00] [Thread 7208] BORN TO KILL was killed by an NPC!
[11:59:01:129026 --4:00] [Thread 6424] Mr. Sage was killed by an NPC!
[12:01:43:572544 --4:00] [Thread 6424] BORN TO KILL commited suicide!
[12:02:50:061056 --4:00] [Thread 5900] BORN TO KILL commited suicide!
[12:03:11:264547 --4:00] [Thread 6424] Mr. Sage was killed by an NPC!
[12:03:12:613893 --4:00] [Thread 6488] BORN TO KILL was killed by an NPC!
[12:03:44:722764 --4:00] [Thread 6488] Mr. Sage was killed by an NPC!
